TN:
SF:api/cinemaCatalog.js
FN:1,Object.<anonymous>.module.exports
FNF:1
FNH:1
FNDA:1,Object.<anonymous>.module.exports
DA:1,1
DA:2,1
DA:3,1
DA:4,4
DA:5,4
DA:6,2
DA:7,2
DA:8,1
DA:9,1
DA:10,1
DA:11,2
DA:12,2
DA:13,1
DA:14,1
DA:15,1
DA:16,1
DA:17,1
DA:18,0
DA:19,0
DA:20,0
DA:21,0
DA:22,1
DA:23,1
DA:24,1
DA:25,1
DA:26,1
DA:27,1
DA:28,1
DA:29,1
DA:30,1
DA:31,2
DA:32,2
DA:33,1
DA:34,1
DA:35,1
DA:36,1
DA:37,2
DA:38,2
DA:39,1
DA:40,1
DA:41,1
DA:42,1
DA:43,1
DA:44,1
DA:45,1
DA:46,1
LF:46
LH:42
BRDA:1,0,0,1
BRDA:3,1,0,4
BRDA:5,2,0,2
BRDA:10,3,0,2
BRDA:12,4,0,1
BRDA:24,5,0,1
BRDA:30,6,0,2
BRDA:32,7,0,1
BRDA:36,8,0,2
BRDA:38,9,0,1
BRF:10
BRH:10
end_of_record
TN:
SF:server/server.js
FN:7,start
FN:32,stop
FNF:2
FNH:2
FNDA:1,start
FNDA:1,stop
DA:1,1
DA:2,1
DA:3,1
DA:4,1
DA:5,1
DA:6,1
DA:7,1
DA:8,1
DA:9,1
DA:10,1
DA:11,1
DA:12,1
DA:13,1
DA:14,0
DA:15,1
DA:16,1
DA:17,1
DA:18,1
DA:19,1
DA:20,1
DA:21,0
DA:22,0
DA:23,1
DA:24,1
DA:25,1
DA:26,1
DA:27,1
DA:28,1
DA:29,1
DA:30,1
DA:31,1
DA:32,1
DA:33,1
DA:34,1
DA:35,1
DA:36,1
DA:37,1
LF:37
LH:34
BRDA:7,0,0,1
BRDA:25,1,0,1
BRDA:32,2,0,1
BRF:3
BRH:3
end_of_record
