TN:
SF:config/database.js
FN:7,connect
FN:14,disconnect
FNF:2
FNH:1
FNDA:7,connect
FNDA:0,disconnect
DA:1,1
DA:2,1
DA:3,1
DA:4,1
DA:5,1
DA:6,1
DA:7,7
DA:8,7
DA:9,7
DA:10,7
DA:11,7
DA:12,7
DA:13,1
DA:14,0
DA:15,0
DA:16,0
DA:17,0
DA:18,0
DA:19,0
DA:20,1
DA:21,1
LF:21
LH:15
BRDA:7,0,0,7
BRDA:9,1,0,1
BRF:2
BRH:2
end_of_record
TN:
SF:controllers/authController.js
FN:4,doLogin
FN:22,validateBlacklist
FN:36,validateLoginSchema
FN:47,validateToken
FN:63,doLogout
FNF:5
FNH:4
FNDA:3,doLogin
FNDA:3,validateBlacklist
FNDA:4,validateLoginSchema
FNDA:3,validateToken
FNDA:0,doLogout
DA:1,1
DA:2,1
DA:3,1
DA:4,3
DA:5,3
DA:6,3
DA:7,3
DA:8,3
DA:9,3
DA:10,2
DA:11,2
DA:12,2
DA:13,2
DA:14,2
DA:15,2
DA:16,3
DA:17,3
DA:18,1
DA:19,1
DA:20,3
DA:21,1
DA:22,3
DA:23,3
DA:24,3
DA:25,3
DA:26,3
DA:27,3
DA:28,3
DA:29,3
DA:30,3
DA:31,3
DA:32,3
DA:33,3
DA:34,1
DA:35,1
DA:36,4
DA:37,4
DA:38,4
DA:39,4
DA:40,1
DA:41,1
DA:42,1
DA:43,3
DA:44,3
DA:45,3
DA:46,1
DA:47,3
DA:48,3
DA:49,3
DA:50,3
DA:51,3
DA:52,3
DA:53,3
DA:54,3
DA:55,3
DA:56,3
DA:57,3
DA:58,3
DA:59,3
DA:60,3
DA:61,3
DA:62,1
DA:63,0
DA:64,0
DA:65,0
DA:66,0
DA:67,0
DA:68,0
DA:69,0
DA:70,1
DA:71,1
LF:71
LH:64
BRDA:4,0,0,3
BRDA:9,1,0,2
BRDA:17,2,0,1
BRDA:22,3,0,3
BRDA:24,4,0,0
BRDA:30,5,0,0
BRDA:36,6,0,4
BRDA:39,7,0,1
BRDA:42,8,0,3
BRDA:41,9,0,1
BRDA:47,10,0,3
BRF:11
BRH:9
end_of_record
TN:
SF:repository/repository.js
FN:5,getUser
FN:14,blacklisToken
FN:21,checkBlacklisToken
FNF:3
FNH:3
FNDA:3,getUser
FNDA:1,blacklisToken
FNDA:3,checkBlacklisToken
DA:1,1
DA:2,1
DA:3,1
DA:4,1
DA:5,3
DA:6,3
DA:7,3
DA:8,3
DA:9,3
DA:10,3
DA:11,2
DA:12,2
DA:13,1
DA:14,1
DA:15,1
DA:16,1
DA:17,1
DA:18,1
DA:19,1
DA:20,1
DA:21,3
DA:22,3
DA:23,3
DA:24,3
DA:25,3
DA:26,3
DA:27,1
DA:28,1
DA:29,1
LF:29
LH:29
BRDA:5,0,0,3
BRDA:8,1,0,0
BRDA:10,2,0,1
BRDA:11,3,0,2
BRDA:14,4,0,1
BRDA:21,5,0,3
BRF:6
BRH:5
end_of_record
TN:
SF:schema/login.js
FNF:0
FNH:0
DA:1,1
DA:2,1
DA:3,1
DA:4,1
DA:5,1
DA:6,1
DA:7,1
DA:8,1
LF:8
LH:8
BRF:0
BRH:0
end_of_record
